This is pdfTeX, Version 3.1415926-1.40.10 (TeX Live 2009/Debian) (format=pdfetex 2010.9.8)  17 SEP 2010 11:17
entering extended mode
 restricted \write18 enabled.
 file:line:error style messages enabled.
 %&-line parsing enabled.
**\catcode126=12 \def\normaltilde{~}\catcode126=13 \let~\normaltilde  \input ./
erc.texi
(./erc.texi (/usr/share/texmf/tex/texinfo/texinfo.tex
Loading texinfo [version 2008-04-18.10]:
\bindingoffset=\dimen16
\normaloffset=\dimen17
\pagewidth=\dimen18
\pageheight=\dimen19
\outerhsize=\dimen20
\outervsize=\dimen21
\cornerlong=\dimen22
\cornerthick=\dimen23
\topandbottommargin=\dimen24
\headlinebox=\box16
\footlinebox=\box17
\margin=\insert252
\EMsimple=\toks13
\groupbox=\box18
\groupinvalidhelp=\toks14
\mil=\dimen25
\exdentamount=\skip18
\inmarginspacing=\skip19
 pdf,
\tempnum=\count27
\lnkcount=\count28
\filename=\toks15
\filenamelength=\count29
\pgn=\count30
\toksA=\toks16
\toksB=\toks17
\toksC=\toks18
\toksD=\toks19
\boxA=\box19
\countA=\count31
\nopdfimagehelp=\toks20
 fonts,
\sffam=\fam8
\textleading=\dimen26
\fontdepth=\count32
 page headings,
\titlepagetopglue=\skip20
\titlepagebottomglue=\skip21
\evenheadline=\toks21
\oddheadline=\toks22
\evenfootline=\toks23
\oddfootline=\toks24
 tables,
\tableindent=\dimen27
\itemindent=\dimen28
\itemmargin=\dimen29
\itemmax=\dimen30
\itemno=\count33
\multitableparskip=\skip22
\multitableparindent=\skip23
\multitablecolspace=\dimen31
\multitablelinespace=\skip24
\colcount=\count34
\everytab=\toks25

conditionals,
\doignorecount=\count35
 indexing,
\whatsitskip=\skip25
\whatsitpenalty=\count36
\secondaryindent=\skip26
\partialpage=\box20
\doublecolumnhsize=\dimen32
 sectioning,
\unnumberedno=\count37
\chapno=\count38
\secno=\count39
\subsecno=\count40
\subsubsecno=\count41
\appendixno=\count42
\absseclevel=\count43
\secbase=\count44
\chapheadingskip=\skip27
\secheadingskip=\skip28
\subsecheadingskip=\skip29
 toc,
\tocfile=\write0
\contentsrightmargin=\skip30
\savepageno=\count45
\lastnegativepageno=\count46
\tocindent=\dimen33
 environments,
\errorbox=\box21
\lispnarrowing=\skip31
\envskipamount=\skip32
\circthick=\dimen34
\cartouter=\dimen35
\cartinner=\dimen36
\normbskip=\skip33
\normpskip=\skip34
\normlskip=\skip35
\lskip=\skip36
\rskip=\skip37
\tabw=\dimen37
 defuns,
\defbodyindent=\skip38
\defargsindent=\skip39
\deflastargmargin=\skip40
\defunpenalty=\count47
\parencount=\count48
\brackcount=\count49
 macros,
\paramno=\count50
\macname=\toks26

cross references,
\auxfile=\write1
\savesfregister=\count51
 insertions,
\footnoteno=\count52
\SAVEfootins=\box22
\SAVEmargin=\box23

(/usr/share/texmf-texlive/tex/generic/epsf/epsf.tex
This is `epsf.tex' v2.7.3 <23 July 2005>
\epsffilein=\read1
\epsfframemargin=\dimen38
\epsfframethickness=\dimen39
\epsfrsize=\dimen40
\epsftmp=\dimen41
\epsftsize=\dimen42
\epsfxsize=\dimen43
\epsfysize=\dimen44
\pspoints=\dimen45
)
\noepsfhelp=\toks27
 localization,
\nolanghelp=\toks28
\countUTFx=\count53
\countUTFy=\count54
\countUTFz=\count55
 formatting,
\defaultparindent=\dimen46
 and turning on texinfo input format.) (./erc.aux)
\openout1 = `erc.aux'.

@cpindfile=@write2
@fnindfile=@write3
@vrindfile=@write4
@tpindfile=@write5
@kyindfile=@write6
@pgindfile=@write7

[1
\openout2 = `erc.cp'.

\openout3 = `erc.fn'.

\openout4 = `erc.vr'.

\openout5 = `erc.tp'.

\openout6 = `erc.ky'.

\openout7 = `erc.pg'.

{/var/lib/texmf/fonts/map/pdftex/updmap/pdftex.map}] [2] (./erc.toc) [-1]
(./erc.toc) (./erc.toc) Chapter 1
\openout0 = `erc.toc'.

 Chapter 2 [1]
Overfull \hbox (201.90698pt too wide) in paragraph at lines 173--175
[]@textrm If you are new to git, you might find this tu-to-rial help-ful: [][]@
texttt http://www.kernel.org/pub/software/scm/git/docs/tutorial.html[][][]@text
rm . |

@hbox(7.60416+2.43333)x433.62, glue set - 1.0
.@hbox(0.0+0.0)x15.0
.@textrm I
.@textrm f
.@glue 3.65 plus 1.825 minus 1.21666
.@textrm y
.etc.

[2]
Overfull \hbox (8.20383pt too wide) in paragraph at lines 249--250
 []@textrm Latest de-vel-op-ment snap-shot: [][]@texttt http://mwolson.org/stat
ic/dist/erc-latest.tar.gz[][][] |

@hbox(7.60416+2.43333)x433.62, glue set - 1.0
.@glue(@leftskip) 21.68121
.@hbox(4.86667+0.0)x0.0, glue set - 12.70244fil
..@glue 0.0 plus 1.0fil minus 1.0fil
..@mathon
..@textsy ^^O
..@mathoff
..@kern 7.22743
.@textrm L
.@textrm a
.@textrm t
.etc.


Overfull \hbox (32.3245pt too wide) in paragraph at lines 250--251
 []@textrm Latest de-vel-op-ment snap-shot (zip file): [][]@texttt http://mwols
on.org/static/dist/erc-latest.zip[][][] |

@hbox(8.2125+2.73749)x433.62, glue set - 1.0
.@glue(@leftskip) 21.68121
.@hbox(4.86667+0.0)x0.0, glue set - 12.70244fil
..@glue 0.0 plus 1.0fil minus 1.0fil
..@mathon
..@textsy ^^O
..@mathoff
..@kern 7.22743
.@textrm L
.@textrm a
.@textrm t
.etc.

Chapter 3 [3] Chapter 4 [4] [5] Chapter 5 [6] [7] Chapter 6 [8] [9] Chapter 7
[10] [11] [12] [13] Chapter 8 [14]
Overfull \hbox (88.59575pt too wide) in paragraph at lines 957--960
 []@textrm There are sev-eral mail-ing lists for ERC. To sub-scribe, visit [][]
@texttt http://savannah.gnu.org/mail/?group=erc[][][]@textrm . |

@hbox(7.60416+2.43333)x433.62, glue set - 1.0
.@glue(@leftskip) 21.68121
.@hbox(4.86667+0.0)x0.0, glue set - 12.70244fil
..@glue 0.0 plus 1.0fil minus 1.0fil
..@mathon
..@textsy ^^O
..@mathoff
..@kern 7.22743
.@textrm T
.@textrm h
.@textrm e
.etc.

Chapter 9 [15]
Underfull \hbox (badness 10000) in paragraph at lines 999--1002
 []@textrm In June 2001, Mario Lang [][]@texttt mlang@delysid.org[][][] @textrm
 and Alex Schroeder

@hbox(7.60416+2.43333)x433.62, glue set 5.89339
.@glue(@leftskip) 21.68121
.@hbox(0.0+0.0)x0.0
.@textrm I
.@textrm n
.@glue 3.65 plus 1.825 minus 1.21666
.etc.


Underfull \hbox (badness 10000) in paragraph at lines 999--1002
 [][]@texttt alex@gnu.org[][][] @textrm took over de-vel-op-ment and cre-ated a
 ERC Project at

@hbox(7.60416+2.43333)x433.62, glue set 5.06949
.@glue(@leftskip) 21.68121
.@pdfliteral{0.28 1 1 0.35 k}
.@pdfstartlink(*+*)x* attr{/Border [0 0 0]} action user{/Subtype /Link /A << /S
 /URI /URI (mailto:alex@gnu.org) >>}


Underfull \hbox (badness 3919) in paragraph at lines 1012--1015
 @textrm Over time, many peo-ple con-tributed code, ideas, bug-fixes, and a lot
 of

@hbox(7.60416+2.12917)x433.62, glue set 3.39888
.@glue(@leftskip) 21.68121
.@textrm O
.@textrm v
.@kern-0.30418
.@textrm e
.etc.


Underfull \hbox (badness 10000) in paragraph at lines 1038--1041
 []@textrm ERC be-came an of-fi-cial GNU project, and de-vel-op-ment moved to

@hbox(7.60416+2.12917)x433.62, glue set 5.8025
.@glue(@leftskip) 21.68121
.@hbox(0.0+0.0)x0.0
.@textrm E
.@textrm R
.@kern-0.30418
.etc.


Underfull \hbox (badness 5022) in paragraph at lines 1038--1041
 [][]@texttt http://sv.gnu.org/projects/erc[][][]@textrm . We switched to us-in
g GNU Arch as

@hbox(7.60416+2.43333)x433.62, glue set 3.69255
.@glue(@leftskip) 21.68121
.@pdfliteral{0.28 1 1 0.35 k}
.@pdfstartlink(*+*)x* attr{/Border [0 0 0]} action user{/Subtype /Link /A << /S
 /URI /URI (http://sv.gnu.org/projects/erc) >>}

(GNU General Public License) [16] [17] [18] [19] [20] [21] [22] [23] [24]
[25] [26] (GNU Free Documentation License) [27] [28] [29] [30] [31] [32]
[33] (Index) [34] (./erc.cps) [35] ) 
Here is how much of TeX's memory you used:
 1812 strings out of 497129
 21634 string characters out of 1207600
 81597 words of memory out of 3000000
 2854 multiletter control sequences out of 15000+50000
 32127 words of font info for 112 fonts, out of 3000000 for 9000
 51 hyphenation exceptions out of 8191
 12i,6n,17p,336b,487s stack positions out of 5000i,500n,10000p,200000b,50000s
</usr/share/texmf-texlive/fonts/type1/publi
c/amsfonts/cm/cmb10.pfb></usr/share/texmf-texlive/fonts/type1/public/amsfonts/c
m/cmbx12.pfb></usr/share/texmf-texlive/fonts/type1/public/amsfonts/cm/cmmi10.pf
b></usr/share/texmf-texlive/fonts/type1/public/amsfonts/cm/cmmi12.pfb></usr/sha
re/texmf-texlive/fonts/type1/public/amsfonts/cm/cmmi9.pfb></usr/share/texmf-tex
live/fonts/type1/public/amsfonts/cm/cmr10.pfb></usr/share/texmf-texlive/fonts/t
ype1/public/amsfonts/cm/cmr9.pfb></usr/share/texmf-texlive/fonts/type1/public/a
msfonts/cm/cmsl10.pfb></usr/share/texmf-texlive/fonts/type1/public/amsfonts/cm/
cmsltt10.pfb></usr/share/texmf-texlive/fonts/type1/public/amsfonts/cm/cmsy10.pf
b></usr/share/texmf-texlive/fonts/type1/public/amsfonts/cm/cmtt10.pfb></usr/sha
re/texmf-texlive/fonts/type1/public/amsfonts/cm/cmtt9.pfb>
Output written on erc.pdf (38 pages, 287621 bytes).
PDF statistics:
 409 PDF objects out of 1000 (max. 8388607)
 55 named destinations out of 1000 (max. 500000)
 173 words of extra memory for PDF output out of 10000 (max. 10000000)

