This file contains any messages produced by compilers while
running configure, to aid debugging if configure makes a mistake.

It was created by bash-completion configure 1.99, which was
generated by GNU Autoconf 2.68.  Invocation command line was

  $ ./configure --prefix=/home/skk/.bash/bash-completion

## --------- ##
## Platform. ##
## --------- ##

hostname = kosh
uname -m = x86_64
uname -r = 2.6.38-13-generic
uname -s = Linux
uname -v = #53-Ubuntu SMP Mon Nov 28 19:33:45 UTC 2011

/usr/bin/uname -p = unknown
/bin/uname -X     = unknown

/bin/arch              = unknown
/usr/bin/arch -k       = unknown
/usr/convex/getsysinfo = unknown
/usr/bin/hostinfo      = unknown
/bin/machine           = unknown
/usr/bin/oslevel       = unknown
/bin/universe          = unknown

PATH: /usr/local/oracle/product//10g/bin
PATH: /home/skk/.lein/bin
PATH: /home/skk/.cljr/bin
PATH: /usr/local/java/IBMJava16/jre/bin
PATH: /usr/local/java/IBMJava16/bin
PATH: /home/skk/.cabal/bin
PATH: /home/skk/local/x86_64/bin
PATH: /home/skk/local/bin/
PATH: /home/skk/bin/
PATH: /home/skk/bin/x86_64/
PATH: /usr/local/sbin
PATH: /usr/local/bin
PATH: /usr/sbin
PATH: /usr/bin
PATH: /sbin
PATH: /bin
PATH: /usr/games
PATH: /usr/local/bin
PATH: /usr/bin
PATH: /bin
PATH: /usr/sbin
PATH: /sbin


## ----------- ##
## Core tests. ##
## ----------- ##

configure:1721: checking for a BSD-compatible install
configure:1789: result: /usr/bin/install -c
configure:1800: checking whether build environment is sane
configure:1850: result: yes
configure:1991: checking for a thread-safe mkdir -p
configure:2030: result: /bin/mkdir -p
configure:2043: checking for gawk
configure:2059: found /usr/bin/gawk
configure:2070: result: gawk
configure:2081: checking whether make sets $(MAKE)
configure:2103: result: yes
configure:2183: checking whether ln -s works
configure:2187: result: yes
configure:2349: creating ./config.status

## ---------------------- ##
## Running config.status. ##
## ---------------------- ##

This file was extended by bash-completion config.status 1.99, which was
generated by GNU Autoconf 2.68.  Invocation command line was

  CONFIG_FILES    = 
  CONFIG_HEADERS  = 
  CONFIG_LINKS    = 
  CONFIG_COMMANDS = 
  $ ./config.status 

on kosh

config.status:757: creating Makefile
config.status:757: creating completions/Makefile
config.status:757: creating doc/Makefile
config.status:757: creating helpers/Makefile
config.status:757: creating test/Makefile
config.status:757: creating bash-completion.pc

## ---------------- ##
## Cache variables. ##
## ---------------- ##

ac_cv_env_build_alias_set=
ac_cv_env_build_alias_value=
ac_cv_env_host_alias_set=
ac_cv_env_host_alias_value=
ac_cv_env_target_alias_set=
ac_cv_env_target_alias_value=
ac_cv_path_install='/usr/bin/install -c'
ac_cv_path_mkdir=/bin/mkdir
ac_cv_prog_AWK=gawk
ac_cv_prog_make_make_set=yes

## ----------------- ##
## Output variables. ##
## ----------------- ##

ACLOCAL='${SHELL} /home/skk/dot-files-forest/bash/bash-completion-1.99/missing --run aclocal-1.11'
AMTAR='${SHELL} /home/skk/dot-files-forest/bash/bash-completion-1.99/missing --run tar'
AUTOCONF='${SHELL} /home/skk/dot-files-forest/bash/bash-completion-1.99/missing --run autoconf'
AUTOHEADER='${SHELL} /home/skk/dot-files-forest/bash/bash-completion-1.99/missing --run autoheader'
AUTOMAKE='${SHELL} /home/skk/dot-files-forest/bash/bash-completion-1.99/missing --run automake-1.11'
AWK='gawk'
CYGPATH_W='echo'
DEFS='-DPACKAGE_NAME=\"bash-completion\" -DPACKAGE_TARNAME=\"bash-completion\" -DPACKAGE_VERSION=\"1.99\" -DPACKAGE_STRING=\"bash-completion\ 1.99\" -DPACKAGE_BUGREPORT=\"\" -DPACKAGE_URL=\"\" -DPACKAGE=\"bash-completion\" -DVERSION=\"1.99\"'
ECHO_C=''
ECHO_N='-n'
ECHO_T=''
INSTALL_DATA='${INSTALL} -m 644'
INSTALL_PROGRAM='${INSTALL}'
INSTALL_SCRIPT='${INSTALL}'
INSTALL_STRIP_PROGRAM='$(install_sh) -c -s'
LIBOBJS=''
LIBS=''
LN_S='ln -s'
LTLIBOBJS=''
MAKEINFO='${SHELL} /home/skk/dot-files-forest/bash/bash-completion-1.99/missing --run makeinfo'
MKDIR_P='/bin/mkdir -p'
PACKAGE='bash-completion'
PACKAGE_BUGREPORT=''
PACKAGE_NAME='bash-completion'
PACKAGE_STRING='bash-completion 1.99'
PACKAGE_TARNAME='bash-completion'
PACKAGE_URL=''
PACKAGE_VERSION='1.99'
PATH_SEPARATOR=':'
SET_MAKE=''
SHELL='/bin/bash'
STRIP=''
VERSION='1.99'
am__isrc=''
am__leading_dot='.'
am__tar='${AMTAR} chof - "$$tardir"'
am__untar='${AMTAR} xf -'
bindir='${exec_prefix}/bin'
build_alias=''
compatdir='${prefix}/etc/bash_completion.d'
datadir='${datarootdir}'
datarootdir='${prefix}/share'
docdir='${datarootdir}/doc/${PACKAGE_TARNAME}'
dvidir='${docdir}'
exec_prefix='${prefix}'
host_alias=''
htmldir='${docdir}'
includedir='${prefix}/include'
infodir='${datarootdir}/info'
install_sh='${SHELL} /home/skk/dot-files-forest/bash/bash-completion-1.99/install-sh'
libdir='${exec_prefix}/lib'
libexecdir='${exec_prefix}/libexec'
localedir='${datarootdir}/locale'
localstatedir='${prefix}/var'
mandir='${datarootdir}/man'
mkdir_p='/bin/mkdir -p'
oldincludedir='/usr/include'
pdfdir='${docdir}'
prefix='/home/skk/.bash/bash-completion'
program_transform_name='s,x,x,'
psdir='${docdir}'
sbindir='${exec_prefix}/sbin'
sharedstatedir='${prefix}/com'
sysconfdir='${prefix}/etc'
target_alias=''

## ----------- ##
## confdefs.h. ##
## ----------- ##

/* confdefs.h */
#define PACKAGE_NAME "bash-completion"
#define PACKAGE_TARNAME "bash-completion"
#define PACKAGE_VERSION "1.99"
#define PACKAGE_STRING "bash-completion 1.99"
#define PACKAGE_BUGREPORT ""
#define PACKAGE_URL ""
#define PACKAGE "bash-completion"
#define VERSION "1.99"

configure: exit 0

## ---------------------- ##
## Running config.status. ##
## ---------------------- ##

This file was extended by bash-completion config.status 1.99, which was
generated by GNU Autoconf 2.68.  Invocation command line was

  CONFIG_FILES    = 
  CONFIG_HEADERS  = 
  CONFIG_LINKS    = 
  CONFIG_COMMANDS = 
  $ ./config.status bash-completion.pc

on kosh

config.status:757: creating bash-completion.pc
